Unity Editor version:    2020.3.42f1 (7ade1201f527)
Branch:                  2020.3/staging
Build type:              Release
Batch mode:              YES
macOS version:           Version 12.4 (Build 21F79)
Darwin version:          21.5.0
Architecture:            x86_64
Running under Rosetta:   YES
Available memory:        16384 MB
Using pre-set license
Pro License: NO

COMMAND LINE ARGUMENTS:
/Applications/Unity/Hub/Editor/2020.3.42f1/Unity.app/Contents/MacOS/Unity
-adb2
-batchMode
-noUpm
-name
AssetImportWorker0
-projectPath
/Users/nateseibold/Downloads/PointingExperiment-main-2
-logFile
Logs/AssetImportWorker0.log
-srvPort
49495
Successfully changed project path to: /Users/nateseibold/Downloads/PointingExperiment-main-2
/Users/nateseibold/Downloads/PointingExperiment-main-2
Using Asset Import Pipeline V2.
Refreshing native plugins compatible for Editor in 106.84 ms, found 2 plugins.
Preloading 0 native plugins for Editor in 0.00 ms.
Initialize engine version: 2020.3.42f1 (7ade1201f527)
[Subsystems] Discovering subsystems at path /Applications/Unity/Hub/Editor/2020.3.42f1/Unity.app/Contents/Resources/UnitySubsystems
[Subsystems] Discovering subsystems at path /Users/nateseibold/Downloads/PointingExperiment-main-2/Assets
GfxDevice: creating device client; threaded=0
2022-12-26 19:13:19.940 Unity[8444:33152222] (null) preferred device: Apple M1 Pro (high power)
2022-12-26 19:13:19.940 Unity[8444:33152222] Metal devices available: 1
2022-12-26 19:13:19.940 Unity[8444:33152222] 0: Apple M1 Pro (high power)
2022-12-26 19:13:19.940 Unity[8444:33152222] Using device Apple M1 Pro (high power)
Initializing Metal device caps: Apple M1 Pro
Initialize mono
Mono path[0] = '/Applications/Unity/Hub/Editor/2020.3.42f1/Unity.app/Contents/Managed'
Mono path[1] = '/Applications/Unity/Hub/Editor/2020.3.42f1/Unity.app/Contents/MonoBleedingEdge/lib/mono/unityjit'
Mono config path = '/Applications/Unity/Hub/Editor/2020.3.42f1/Unity.app/Contents/MonoBleedingEdge/etc'
Using monoOptions --debugger-agent=transport=dt_socket,embedding=1,server=y,suspend=n,address=127.0.0.1:56444
Begin MonoManager ReloadAssembly
Registering precompiled unity dll's ...
Register platform support module: /Applications/Unity/Hub/Editor/2020.3.42f1/Unity.app/Contents/PlaybackEngines/MacStandaloneSupport/UnityEditor.OSXStandalone.Extensions.dll
Registered in 0.001059 seconds.
Native extension for OSXStandalone target not found
Refreshing native plugins compatible for Editor in 98.64 ms, found 2 plugins.
Preloading 0 native plugins for Editor in 0.00 ms.
Mono: successfully reloaded assembly
- Completed reload, in  1.399 seconds
Domain Reload Profiling:
	ReloadAssembly (1399ms)
		BeginReloadAssembly (109ms)
			ExecutionOrderSort (0ms)
			DisableScriptedObjects (0ms)
			BackupInstance (0ms)
			ReleaseScriptingObjects (0ms)
			CreateAndSetChildDomain (3ms)
		EndReloadAssembly (1164ms)
			LoadAssemblies (107ms)
			RebuildTransferFunctionScriptingTraits (0ms)
			SetupTypeCache (188ms)
			ReleaseScriptCaches (0ms)
			RebuildScriptCaches (42ms)
			SetupLoadedEditorAssemblies (620ms)
				LogAssemblyErrors (0ms)
				InitializePlatformSupportModulesInManaged (15ms)
				SetLoadedEditorAssemblies (1ms)
				RefreshPlugins (99ms)
				BeforeProcessingInitializeOnLoad (24ms)
				ProcessInitializeOnLoadAttributes (353ms)
				ProcessInitializeOnLoadMethodAttributes (128ms)
				AfterProcessingInitializeOnLoad (0ms)
				EditorAssembliesLoaded (1ms)
			ExecutionOrderSort2 (0ms)
			AwakeInstancesAfterBackupRestoration (0ms)
Platform modules already initialized, skipping
Registering precompiled user dll's ...
Registered in 0.005984 seconds.
Begin MonoManager ReloadAssembly
Symbol file LoadedFromMemory doesn't match image /Users/nateseibold/Downloads/PointingExperiment-main-2/Library/PackageCache/com.unity.visualscripting@1.7.8/Editor/VisualScripting.Core/Dependencies/YamlDotNet/Unity.VisualScripting.YamlDotNet.dll
Symbol file LoadedFromMemory doesn't match image /Users/nateseibold/Downloads/PointingExperiment-main-2/Library/PackageCache/com.unity.visualscripting@1.7.8/Editor/VisualScripting.Core/Dependencies/DotNetZip/Unity.VisualScripting.IonicZip.dll
Native extension for OSXStandalone target not found
Refreshing native plugins compatible for Editor in 0.69 ms, found 2 plugins.
Preloading 0 native plugins for Editor in 0.00 ms.
Mono: successfully reloaded assembly
- Completed reload, in  2.409 seconds
Domain Reload Profiling:
	ReloadAssembly (2411ms)
		BeginReloadAssembly (264ms)
			ExecutionOrderSort (0ms)
			DisableScriptedObjects (34ms)
			BackupInstance (0ms)
			ReleaseScriptingObjects (0ms)
			CreateAndSetChildDomain (35ms)
		EndReloadAssembly (2057ms)
			LoadAssemblies (208ms)
			RebuildTransferFunctionScriptingTraits (0ms)
			SetupTypeCache (443ms)
			ReleaseScriptCaches (1ms)
			RebuildScriptCaches (60ms)
			SetupLoadedEditorAssemblies (1120ms)
				LogAssemblyErrors (0ms)
				InitializePlatformSupportModulesInManaged (12ms)
				SetLoadedEditorAssemblies (2ms)
				RefreshPlugins (1ms)
				BeforeProcessingInitializeOnLoad (143ms)
				ProcessInitializeOnLoadAttributes (904ms)
				ProcessInitializeOnLoadMethodAttributes (57ms)
				AfterProcessingInitializeOnLoad (1ms)
				EditorAssembliesLoaded (0ms)
			ExecutionOrderSort2 (0ms)
			AwakeInstancesAfterBackupRestoration (6ms)
Platform modules already initialized, skipping
Validating Project structure ... 0.005250 seconds.
Shader import version has changed; will reimport all shaders...
Upgrading shader files ...0.017884 seconds.
Application.AssetDatabase Initial Script Refresh Start
RefreshInfo: InitialScriptRefreshV2(NoUpdateAssetOptions) scanfilter:  ... 1 filters
RefreshProfiler: Total: 0.000ms
Application.AssetDatabase Initial Script Refresh End
Application.AssetDatabase.Refresh Start
Application.AssetDatabase.Refresh End
RefreshInfo: StopAssetImportingV2(ForceSynchronousImport) scanfilter: 
RefreshProfiler: Total: 0.000ms
Launching external process: /Applications/Unity/Hub/Editor/2020.3.42f1/Unity.app/Contents/Tools/UnityShaderCompiler
Launched and connected shader compiler UnityShaderCompiler after 0.02 seconds
Initializing Unity extensions:
2022-12-26 19:13:25.452 Unity[8444:33152222] NSEventModifierFlagFunction specified to -setKeyEquivalentModifierMask: for item <NSMenuItem: 0x600002611030 Font Asset, ke='Command-F12'>, but is only supported for system-provided menu items; will not be used
2022-12-26 19:13:25.455 Unity[8444:33152222] NSEventModifierFlagFunction specified to -setKeyEquivalentModifierMask: for item <NSMenuItem: 0x600002607640 Font Asset, ke='Command-F12'>, but is only supported for system-provided menu items; will not be used
========================================================================
Worker process is ready to serve import requests
Refreshing native plugins compatible for Editor in 0.56 ms, found 2 plugins.
Preloading 0 native plugins for Editor in 0.00 ms.
Unloading 3428 Unused Serialized files (Serialized files now loaded: 0)
System memory in use before: 254.5 MB.
System memory in use after: 253.8 MB.

Unloading 277 unused Assets to reduce memory usage. Loaded Objects now: 3903.
Total: 2.768875 ms (FindLiveObjects: 0.166084 ms CreateObjectMapping: 0.086959 ms MarkObjects: 1.990875 ms  DeleteObjects: 0.523959 ms)

AssetImportParameters requested are different than current active one (requested -> active):
  custom:video-decoder-ogg-theora: a1e56fd34408186e4bbccfd4996cb3dc -> 
  custom:container-muxer-webm: aa71ff27fc2769a1b78a27578f13a17b -> 
  custom:container-demuxer-webm: 4f35f7cbe854078d1ac9338744f61a02 -> 
  custom:container-demuxer-ogg: 62fdf1f143b41e24485cea50d1cbac27 -> 
  custom:video-encoder-webm-vp8: eb34c28f22e8b96e1ab97ce403110664 -> 
  custom:framework-osx-AVFoundation: e770b220cccbd017edd2c1fefb359320 -> 
  custom:video-decoder-webm-vp8: 9c59270c3fd7afecdb556c50c9e8de78 -> 
  custom:audio-decoder-ogg-vorbis: bf7c407c2cedff20999df2af8eb42d56 -> 
  custom:audio-encoder-webm-vorbis: bf7c407c2cedff20999df2af8eb42d56 -> 
========================================================================
Received Import Request.
  path: Assets/Scripts
  artifactKey: Guid(0e707224e9c3d45bd88441ce3bf7887f) Importer(815301076,1909f56bfc062723c751e8b465ee728b)
Start importing Assets/Scripts using Guid(0e707224e9c3d45bd88441ce3bf7887f) Importer(815301076,1909f56bfc062723c751e8b465ee728b)  -> (artifact id: '48562712552c36e15a239a39f29fa8bd') in 0.007494 seconds 
========================================================================
Received Import Request.
  Time since last request: 0.000259 seconds.
  path: Assets/Scripts/positionalData.cs
  artifactKey: Guid(0be7e078e6be2494eae4036270e072a7) Importer(815301076,1909f56bfc062723c751e8b465ee728b)
Start importing Assets/Scripts/positionalData.cs using Guid(0be7e078e6be2494eae4036270e072a7) Importer(815301076,1909f56bfc062723c751e8b465ee728b)  -> (artifact id: '39aca041d448968d1f57b7844f730844') in 0.134885 seconds 
========================================================================
Received Import Request.
  Time since last request: 17.939607 seconds.
  path: Assets/Scripts/positionalData.cs
  artifactKey: Guid(0be7e078e6be2494eae4036270e072a7) Importer(815301076,1909f56bfc062723c751e8b465ee728b)
Start importing Assets/Scripts/positionalData.cs using Guid(0be7e078e6be2494eae4036270e072a7) Importer(815301076,1909f56bfc062723c751e8b465ee728b)  -> (artifact id: 'edc7d7dc7ca66bcf9e8456f0f521fc77') in 0.003377 seconds 
========================================================================
Received Import Request.
  Time since last request: 16.072601 seconds.
  path: Assets/Scripts/GameController.cs
  artifactKey: Guid(f97478fd876ff405891ac3679e664170) Importer(815301076,1909f56bfc062723c751e8b465ee728b)
Start importing Assets/Scripts/GameController.cs using Guid(f97478fd876ff405891ac3679e664170) Importer(815301076,1909f56bfc062723c751e8b465ee728b)  -> (artifact id: '274291126857071d0a5be78b880664fa') in 0.002117 seconds 
========================================================================
Received Import Request.
  Time since last request: 26.526332 seconds.
  path: Assets/Scripts/GameController.cs
  artifactKey: Guid(f97478fd876ff405891ac3679e664170) Importer(815301076,1909f56bfc062723c751e8b465ee728b)
Start importing Assets/Scripts/GameController.cs using Guid(f97478fd876ff405891ac3679e664170) Importer(815301076,1909f56bfc062723c751e8b465ee728b)  -> (artifact id: '947a05dad9b81618db340654b2de953c') in 0.006973 seconds 
========================================================================
Received Import Request.
  Time since last request: 1.952292 seconds.
  path: Assets/Scripts/Pointer.cs
  artifactKey: Guid(ed8da67ea4170441cb53334f8e2bb83f) Importer(815301076,1909f56bfc062723c751e8b465ee728b)
Start importing Assets/Scripts/Pointer.cs using Guid(ed8da67ea4170441cb53334f8e2bb83f) Importer(815301076,1909f56bfc062723c751e8b465ee728b)  -> (artifact id: 'e0687a400164b604947cea4eb788876c') in 0.008489 seconds 
========================================================================
Received Prepare
Registering precompiled user dll's ...
Registered in 0.002296 seconds.
Begin MonoManager ReloadAssembly
Symbol file LoadedFromMemory doesn't match image /Users/nateseibold/Downloads/PointingExperiment-main-2/Library/PackageCache/com.unity.visualscripting@1.7.8/Editor/VisualScripting.Core/Dependencies/YamlDotNet/Unity.VisualScripting.YamlDotNet.dll
Symbol file LoadedFromMemory doesn't match image /Users/nateseibold/Downloads/PointingExperiment-main-2/Library/PackageCache/com.unity.visualscripting@1.7.8/Editor/VisualScripting.Core/Dependencies/DotNetZip/Unity.VisualScripting.IonicZip.dll
Native extension for OSXStandalone target not found
Refreshing native plugins compatible for Editor in 0.84 ms, found 2 plugins.
Preloading 0 native plugins for Editor in 0.00 ms.
2022-12-26 19:14:46.004 Unity[8444:33152222] NSEventModifierFlagFunction specified to -setKeyEquivalentModifierMask: for item <NSMenuItem: 0x60000260e4c0 Font Asset, ke='Command-F12'>, but is only supported for system-provided menu items; will not be used
Mono: successfully reloaded assembly
Exception thrown while invoking [DidReloadScripts] method 'Valve.VR.SteamVR_CopyExampleInputFiles:OnReloadScripts ()' : ArgumentException: The specified path is not of a legal form (empty).
  at System.IO.Path.InsecureGetFullPath (System.String path) [0x00025] in <695d1cc93cca45069c528c15c9fdd749>:0 
  at System.IO.Path.GetFullPathInternal (System.String path) [0x00000] in <695d1cc93cca45069c528c15c9fdd749>:0 
  at System.IO.FileInfo.Init (System.String fileName, System.Boolean checkHost) [0x00007] in <695d1cc93cca45069c528c15c9fdd749>:0 
  at System.IO.FileInfo..ctor (System.String fileName) [0x00014] in <695d1cc93cca45069c528c15c9fdd749>:0 
  at (wrapper remoting-invoke-with-check) System.IO.FileInfo..ctor(string)
  at Valve.VR.SteamVR.GetSteamVRFolderParentPath (System.Boolean localToAssetsFolder) [0x0000f] in /Users/nateseibold/Downloads/PointingExperiment-main-2/Assets/SteamVR/Scripts/SteamVR.cs:399 
  at Valve.VR.SteamVR.GetSteamVRResourcesFolderPath (System.Boolean localToAssetsFolder) [0x00000] in /Users/nateseibold/Downloads/PointingExperiment-main-2/Assets/SteamVR/Scripts/SteamVR.cs:436 
  at Valve.VR.SteamVR_Settings.LoadInstance () [0x00033] in /Users/nateseibold/Downloads/PointingExperiment-main-2/Assets/SteamVR/Scripts/SteamVR_Settings.cs:110 
  at Valve.VR.SteamVR_Settings.get_instance () [0x00000] in /Users/nateseibold/Downloads/PointingExperiment-main-2/Assets/SteamVR/Scripts/SteamVR_Settings.cs:18 
  at Valve.VR.SteamVR_Input.CheckOldLocation () [0x00014] in /Users/nateseibold/Downloads/PointingExperiment-main-2/Assets/SteamVR/Input/SteamVR_Input.cs:1312 
  at Valve.VR.SteamVR_CopyExampleInputFiles.OnReloadScripts () [0x00000] in /Users/nateseibold/Downloads/PointingExperiment-main-2/Assets/SteamVR/Input/Editor/SteamVR_CopyExampleInputFiles.cs:20 

(Filename: Assets/SteamVR/Scripts/SteamVR.cs Line: 399)

- Completed reload, in  2.719 seconds
Domain Reload Profiling:
	ReloadAssembly (2721ms)
		BeginReloadAssembly (274ms)
			ExecutionOrderSort (0ms)
			DisableScriptedObjects (41ms)
			BackupInstance (0ms)
			ReleaseScriptingObjects (0ms)
			CreateAndSetChildDomain (118ms)
		EndReloadAssembly (2348ms)
			LoadAssemblies (195ms)
			RebuildTransferFunctionScriptingTraits (0ms)
			SetupTypeCache (446ms)
			ReleaseScriptCaches (2ms)
			RebuildScriptCaches (52ms)
			SetupLoadedEditorAssemblies (1256ms)
				LogAssemblyErrors (0ms)
				InitializePlatformSupportModulesInManaged (16ms)
				SetLoadedEditorAssemblies (2ms)
				RefreshPlugins (1ms)
				BeforeProcessingInitializeOnLoad (198ms)
				ProcessInitializeOnLoadAttributes (969ms)
				ProcessInitializeOnLoadMethodAttributes (69ms)
				AfterProcessingInitializeOnLoad (2ms)
				EditorAssembliesLoaded (1ms)
			ExecutionOrderSort2 (0ms)
			AwakeInstancesAfterBackupRestoration (5ms)
Platform modules already initialized, skipping
Refreshing native plugins compatible for Editor in 0.74 ms, found 2 plugins.
Preloading 0 native plugins for Editor in 0.00 ms.
Unloading 3389 Unused Serialized files (Serialized files now loaded: 0)
System memory in use before: 254.1 MB.
System memory in use after: 254.3 MB.

Unloading 21 unused Assets to reduce memory usage. Loaded Objects now: 3910.
Total: 3.344000 ms (FindLiveObjects: 0.200667 ms CreateObjectMapping: 0.088542 ms MarkObjects: 3.002250 ms  DeleteObjects: 0.051083 ms)

AssetImportParameters requested are different than current active one (requested -> active):
  custom:video-decoder-ogg-theora: a1e56fd34408186e4bbccfd4996cb3dc -> 
  custom:container-muxer-webm: aa71ff27fc2769a1b78a27578f13a17b -> 
  custom:container-demuxer-webm: 4f35f7cbe854078d1ac9338744f61a02 -> 
  custom:container-demuxer-ogg: 62fdf1f143b41e24485cea50d1cbac27 -> 
  custom:video-encoder-webm-vp8: eb34c28f22e8b96e1ab97ce403110664 -> 
  custom:framework-osx-AVFoundation: e770b220cccbd017edd2c1fefb359320 -> 
  custom:video-decoder-webm-vp8: 9c59270c3fd7afecdb556c50c9e8de78 -> 
  custom:audio-decoder-ogg-vorbis: bf7c407c2cedff20999df2af8eb42d56 -> 
  custom:audio-encoder-webm-vorbis: bf7c407c2cedff20999df2af8eb42d56 -> 
========================================================================
Received Import Request.
  Time since last request: 19.320861 seconds.
  path: Assets/Scripts/Pointer.cs
  artifactKey: Guid(ed8da67ea4170441cb53334f8e2bb83f) Importer(815301076,1909f56bfc062723c751e8b465ee728b)
Start importing Assets/Scripts/Pointer.cs using Guid(ed8da67ea4170441cb53334f8e2bb83f) Importer(815301076,1909f56bfc062723c751e8b465ee728b)  -> (artifact id: '35e2fa1a1025cbb6c4a880b1b130c496') in 0.009140 seconds 
========================================================================
Received Prepare
Registering precompiled user dll's ...
Registered in 0.001941 seconds.
Begin MonoManager ReloadAssembly
Symbol file LoadedFromMemory doesn't match image /Users/nateseibold/Downloads/PointingExperiment-main-2/Library/PackageCache/com.unity.visualscripting@1.7.8/Editor/VisualScripting.Core/Dependencies/YamlDotNet/Unity.VisualScripting.YamlDotNet.dll
Symbol file LoadedFromMemory doesn't match image /Users/nateseibold/Downloads/PointingExperiment-main-2/Library/PackageCache/com.unity.visualscripting@1.7.8/Editor/VisualScripting.Core/Dependencies/DotNetZip/Unity.VisualScripting.IonicZip.dll
Native extension for OSXStandalone target not found
Refreshing native plugins compatible for Editor in 0.97 ms, found 2 plugins.
Preloading 0 native plugins for Editor in 0.00 ms.
2022-12-26 19:15:47.575 Unity[8444:33152222] NSEventModifierFlagFunction specified to -setKeyEquivalentModifierMask: for item <NSMenuItem: 0x600002675c00 Font Asset, ke='Command-F12'>, but is only supported for system-provided menu items; will not be used
Mono: successfully reloaded assembly
Exception thrown while invoking [DidReloadScripts] method 'Valve.VR.SteamVR_CopyExampleInputFiles:OnReloadScripts ()' : ArgumentException: The specified path is not of a legal form (empty).
  at System.IO.Path.InsecureGetFullPath (System.String path) [0x00025] in <695d1cc93cca45069c528c15c9fdd749>:0 
  at System.IO.Path.GetFullPathInternal (System.String path) [0x00000] in <695d1cc93cca45069c528c15c9fdd749>:0 
  at System.IO.FileInfo.Init (System.String fileName, System.Boolean checkHost) [0x00007] in <695d1cc93cca45069c528c15c9fdd749>:0 
  at System.IO.FileInfo..ctor (System.String fileName) [0x00014] in <695d1cc93cca45069c528c15c9fdd749>:0 
  at (wrapper remoting-invoke-with-check) System.IO.FileInfo..ctor(string)
  at Valve.VR.SteamVR.GetSteamVRFolderParentPath (System.Boolean localToAssetsFolder) [0x0000f] in /Users/nateseibold/Downloads/PointingExperiment-main-2/Assets/SteamVR/Scripts/SteamVR.cs:399 
  at Valve.VR.SteamVR.GetSteamVRResourcesFolderPath (System.Boolean localToAssetsFolder) [0x00000] in /Users/nateseibold/Downloads/PointingExperiment-main-2/Assets/SteamVR/Scripts/SteamVR.cs:436 
  at Valve.VR.SteamVR_Settings.LoadInstance () [0x00033] in /Users/nateseibold/Downloads/PointingExperiment-main-2/Assets/SteamVR/Scripts/SteamVR_Settings.cs:110 
  at Valve.VR.SteamVR_Settings.get_instance () [0x00000] in /Users/nateseibold/Downloads/PointingExperiment-main-2/Assets/SteamVR/Scripts/SteamVR_Settings.cs:18 
  at Valve.VR.SteamVR_Input.CheckOldLocation () [0x00014] in /Users/nateseibold/Downloads/PointingExperiment-main-2/Assets/SteamVR/Input/SteamVR_Input.cs:1312 
  at Valve.VR.SteamVR_CopyExampleInputFiles.OnReloadScripts () [0x00000] in /Users/nateseibold/Downloads/PointingExperiment-main-2/Assets/SteamVR/Input/Editor/SteamVR_CopyExampleInputFiles.cs:20 

(Filename: Assets/SteamVR/Scripts/SteamVR.cs Line: 399)

- Completed reload, in  2.568 seconds
Domain Reload Profiling:
	ReloadAssembly (2569ms)
		BeginReloadAssembly (224ms)
			ExecutionOrderSort (0ms)
			DisableScriptedObjects (32ms)
			BackupInstance (0ms)
			ReleaseScriptingObjects (0ms)
			CreateAndSetChildDomain (70ms)
		EndReloadAssembly (2252ms)
			LoadAssemblies (201ms)
			RebuildTransferFunctionScriptingTraits (0ms)
			SetupTypeCache (424ms)
			ReleaseScriptCaches (3ms)
			RebuildScriptCaches (54ms)
			SetupLoadedEditorAssemblies (1188ms)
				LogAssemblyErrors (0ms)
				InitializePlatformSupportModulesInManaged (14ms)
				SetLoadedEditorAssemblies (3ms)
				RefreshPlugins (1ms)
				BeforeProcessingInitializeOnLoad (197ms)
				ProcessInitializeOnLoadAttributes (906ms)
				ProcessInitializeOnLoadMethodAttributes (66ms)
				AfterProcessingInitializeOnLoad (1ms)
				EditorAssembliesLoaded (0ms)
			ExecutionOrderSort2 (0ms)
			AwakeInstancesAfterBackupRestoration (5ms)
Platform modules already initialized, skipping
Refreshing native plugins compatible for Editor in 0.77 ms, found 2 plugins.
Preloading 0 native plugins for Editor in 0.00 ms.
Unloading 3389 Unused Serialized files (Serialized files now loaded: 0)
System memory in use before: 254.5 MB.
System memory in use after: 254.7 MB.

Unloading 20 unused Assets to reduce memory usage. Loaded Objects now: 3916.
Total: 3.336917 ms (FindLiveObjects: 0.206875 ms CreateObjectMapping: 0.156541 ms MarkObjects: 2.931042 ms  DeleteObjects: 0.041084 ms)

AssetImportParameters requested are different than current active one (requested -> active):
  custom:video-decoder-ogg-theora: a1e56fd34408186e4bbccfd4996cb3dc -> 
  custom:container-muxer-webm: aa71ff27fc2769a1b78a27578f13a17b -> 
  custom:container-demuxer-webm: 4f35f7cbe854078d1ac9338744f61a02 -> 
  custom:container-demuxer-ogg: 62fdf1f143b41e24485cea50d1cbac27 -> 
  custom:video-encoder-webm-vp8: eb34c28f22e8b96e1ab97ce403110664 -> 
  custom:framework-osx-AVFoundation: e770b220cccbd017edd2c1fefb359320 -> 
  custom:video-decoder-webm-vp8: 9c59270c3fd7afecdb556c50c9e8de78 -> 
  custom:audio-decoder-ogg-vorbis: bf7c407c2cedff20999df2af8eb42d56 -> 
  custom:audio-encoder-webm-vorbis: bf7c407c2cedff20999df2af8eb42d56 -> 
========================================================================
Received Prepare
Registering precompiled user dll's ...
Registered in 0.002113 seconds.
Begin MonoManager ReloadAssembly
Symbol file LoadedFromMemory doesn't match image /Users/nateseibold/Downloads/PointingExperiment-main-2/Library/PackageCache/com.unity.visualscripting@1.7.8/Editor/VisualScripting.Core/Dependencies/YamlDotNet/Unity.VisualScripting.YamlDotNet.dll
Symbol file LoadedFromMemory doesn't match image /Users/nateseibold/Downloads/PointingExperiment-main-2/Library/PackageCache/com.unity.visualscripting@1.7.8/Editor/VisualScripting.Core/Dependencies/DotNetZip/Unity.VisualScripting.IonicZip.dll
Native extension for OSXStandalone target not found
Refreshing native plugins compatible for Editor in 0.79 ms, found 2 plugins.
Preloading 0 native plugins for Editor in 0.00 ms.
2022-12-26 19:22:29.114 Unity[8444:33152222] NSEventModifierFlagFunction specified to -setKeyEquivalentModifierMask: for item <NSMenuItem: 0x6000026750a0 Font Asset, ke='Command-F12'>, but is only supported for system-provided menu items; will not be used
Mono: successfully reloaded assembly
Exception thrown while invoking [DidReloadScripts] method 'Valve.VR.SteamVR_CopyExampleInputFiles:OnReloadScripts ()' : ArgumentException: The specified path is not of a legal form (empty).
  at System.IO.Path.InsecureGetFullPath (System.String path) [0x00025] in <695d1cc93cca45069c528c15c9fdd749>:0 
  at System.IO.Path.GetFullPathInternal (System.String path) [0x00000] in <695d1cc93cca45069c528c15c9fdd749>:0 
  at System.IO.FileInfo.Init (System.String fileName, System.Boolean checkHost) [0x00007] in <695d1cc93cca45069c528c15c9fdd749>:0 
  at System.IO.FileInfo..ctor (System.String fileName) [0x00014] in <695d1cc93cca45069c528c15c9fdd749>:0 
  at (wrapper remoting-invoke-with-check) System.IO.FileInfo..ctor(string)
  at Valve.VR.SteamVR.GetSteamVRFolderParentPath (System.Boolean localToAssetsFolder) [0x0000f] in /Users/nateseibold/Downloads/PointingExperiment-main-2/Assets/SteamVR/Scripts/SteamVR.cs:399 
  at Valve.VR.SteamVR.GetSteamVRResourcesFolderPath (System.Boolean localToAssetsFolder) [0x00000] in /Users/nateseibold/Downloads/PointingExperiment-main-2/Assets/SteamVR/Scripts/SteamVR.cs:436 
  at Valve.VR.SteamVR_Settings.LoadInstance () [0x00033] in /Users/nateseibold/Downloads/PointingExperiment-main-2/Assets/SteamVR/Scripts/SteamVR_Settings.cs:110 
  at Valve.VR.SteamVR_Settings.get_instance () [0x00000] in /Users/nateseibold/Downloads/PointingExperiment-main-2/Assets/SteamVR/Scripts/SteamVR_Settings.cs:18 
  at Valve.VR.SteamVR_Input.CheckOldLocation () [0x00014] in /Users/nateseibold/Downloads/PointingExperiment-main-2/Assets/SteamVR/Input/SteamVR_Input.cs:1312 
  at Valve.VR.SteamVR_CopyExampleInputFiles.OnReloadScripts () [0x00000] in /Users/nateseibold/Downloads/PointingExperiment-main-2/Assets/SteamVR/Input/Editor/SteamVR_CopyExampleInputFiles.cs:20 

(Filename: Assets/SteamVR/Scripts/SteamVR.cs Line: 399)

- Completed reload, in  2.816 seconds
Domain Reload Profiling:
	ReloadAssembly (2819ms)
		BeginReloadAssembly (292ms)
			ExecutionOrderSort (0ms)
			DisableScriptedObjects (37ms)
			BackupInstance (0ms)
			ReleaseScriptingObjects (0ms)
			CreateAndSetChildDomain (112ms)
		EndReloadAssembly (2427ms)
			LoadAssemblies (273ms)
			RebuildTransferFunctionScriptingTraits (0ms)
			SetupTypeCache (466ms)
			ReleaseScriptCaches (1ms)
			RebuildScriptCaches (51ms)
			SetupLoadedEditorAssemblies (1273ms)
				LogAssemblyErrors (0ms)
				InitializePlatformSupportModulesInManaged (14ms)
				SetLoadedEditorAssemblies (4ms)
				RefreshPlugins (1ms)
				BeforeProcessingInitializeOnLoad (218ms)
				ProcessInitializeOnLoadAttributes (962ms)
				ProcessInitializeOnLoadMethodAttributes (73ms)
				AfterProcessingInitializeOnLoad (1ms)
				EditorAssembliesLoaded (0ms)
			ExecutionOrderSort2 (0ms)
			AwakeInstancesAfterBackupRestoration (5ms)
Platform modules already initialized, skipping
Refreshing native plugins compatible for Editor in 0.75 ms, found 2 plugins.
Preloading 0 native plugins for Editor in 0.00 ms.
Unloading 3389 Unused Serialized files (Serialized files now loaded: 0)
System memory in use before: 254.7 MB.
System memory in use after: 254.9 MB.

Unloading 20 unused Assets to reduce memory usage. Loaded Objects now: 3922.
Total: 3.301875 ms (FindLiveObjects: 0.243708 ms CreateObjectMapping: 0.094833 ms MarkObjects: 2.905375 ms  DeleteObjects: 0.053042 ms)

AssetImportParameters requested are different than current active one (requested -> active):
  custom:video-decoder-ogg-theora: a1e56fd34408186e4bbccfd4996cb3dc -> 
  custom:container-muxer-webm: aa71ff27fc2769a1b78a27578f13a17b -> 
  custom:container-demuxer-webm: 4f35f7cbe854078d1ac9338744f61a02 -> 
  custom:container-demuxer-ogg: 62fdf1f143b41e24485cea50d1cbac27 -> 
  custom:video-encoder-webm-vp8: eb34c28f22e8b96e1ab97ce403110664 -> 
  custom:framework-osx-AVFoundation: e770b220cccbd017edd2c1fefb359320 -> 
  custom:video-decoder-webm-vp8: 9c59270c3fd7afecdb556c50c9e8de78 -> 
  custom:audio-decoder-ogg-vorbis: bf7c407c2cedff20999df2af8eb42d56 -> 
  custom:audio-encoder-webm-vorbis: bf7c407c2cedff20999df2af8eb42d56 -> 
